<?xml version="1.0" encoding="UTF-8"?>
<!-- Generated by org.testng.reporters.JUnitXMLReporter -->
<testsuite ignored="0" hostname="idea-PC" failures="0" tests="11" name="testngTest" time="29.111" errors="0" timestamp="21 Jul 2019 14:17:11 GMT">
  <testcase classname="com.Test.ExceptionTimeoutTest" name="test1" time="0.008"/>
  <testcase classname="com.Test.GoogleTitleTest" name="googleLogoTest" time="0.141"/>
  <testcase classname="com.Test.GoogleTitleTest" name="googleTitleTest" time="0.016"/>
  <testcase classname="com.Test.InvocationCountTest" name="sum" time="0.002"/>
  <testcase classname="com.Test.InvocationCountTest" name="sum" time="0.004"/>
  <testcase classname="com.Test.InvocationCountTest" name="sum" time="0.002"/>
  <testcase classname="com.Test.InvocationCountTest" name="sum" time="0.002"/>
  <testcase classname="com.Test.InvocationCountTest" name="sum" time="0.002"/>
  <testcase classname="com.Test.TestNGBasics" name="SearchTest" time="0.002"/>
  <testcase classname="com.Test.TestNGBasics" name="googleTitle" time="0.001"/>
  <testcase classname="com.Test.TestNGFeatures" name="loginTest" time="0.006"/>
</testsuite> <!-- testngTest -->
